perl: warning: Setting locale failed.
perl: warning: Please check that your locale settings:
	LANGUAGE = (unset),
	LC_ALL = (unset),
	LC_CTYPE = "C.UTF-8",
	LANG = "en_US.UTF-8"
    are supported and installed on your system.
perl: warning: Falling back to the standard locale ("C").
%Error: Cannot find file containing module: 'runs_tb/cycle_0000/top.sv'
        ... See the manual at https://verilator.org/verilator_doc.html?v=5.039 for more assistance.
        ... Looked in:
             /module-fuzz/rewiring/test_library_structured/runs_tb/cycle_0000/top.sv
             /module-fuzz/rewiring/test_library_structured/runs_tb/cycle_0000/top.sv.v
             /module-fuzz/rewiring/test_library_structured/runs_tb/cycle_0000/top.sv.sv
             runs_tb/cycle_0000/top.sv
             runs_tb/cycle_0000/top.sv.v
             runs_tb/cycle_0000/top.sv.sv
             obj_dir/runs_tb/cycle_0000/top.sv
             obj_dir/runs_tb/cycle_0000/top.sv.v
             obj_dir/runs_tb/cycle_0000/top.sv.sv
%Error: Cannot find file containing module: 'runs_tb/cycle_0000/tb_top.sv'
%Error: Exiting due to 2 error(s)
